{"C:\\Users\\днс\\Desktop\\oop\\src\\Bowman.js": {"path":"C:\\Users\\днс\\Desktop\\oop\\src\\Bowman.js","statementMap":{"0":{"start":{"line":5,"column":4},"end":{"line":5,"column":26}}},"fnMap":{"0":{"name":"(anonymous_0)","decl":{"start":{"line":4,"column":2},"end":{"line":4,"column":3}},"loc":{"start":{"line":4,"column":20},"end":{"line":6,"column":3}},"line":4}},"branchMap":{},"s":{"0":1},"f":{"0":1},"b":{},"_coverageSchema":"1a1c01bbd47fc00a2c39e90264f33305004495a9","hash":"e1a8cd105351bbdd8c42561f7df9eadd6d18a914"}
,"C:\\Users\\днс\\Desktop\\oop\\src\\Character.js": {"path":"C:\\Users\\днс\\Desktop\\oop\\src\\Character.js","statementMap":{"0":{"start":{"line":3,"column":23},"end":{"line":3,"column":88}},"1":{"start":{"line":5,"column":4},"end":{"line":7,"column":5}},"2":{"start":{"line":6,"column":6},"end":{"line":6,"column":102}},"3":{"start":{"line":9,"column":4},"end":{"line":11,"column":5}},"4":{"start":{"line":10,"column":6},"end":{"line":10,"column":39}},"5":{"start":{"line":13,"column":4},"end":{"line":13,"column":21}},"6":{"start":{"line":14,"column":4},"end":{"line":14,"column":21}},"7":{"start":{"line":15,"column":4},"end":{"line":15,"column":22}},"8":{"start":{"line":16,"column":4},"end":{"line":16,"column":19}},"9":{"start":{"line":18,"column":4},"end":{"line":43,"column":5}},"10":{"start":{"line":20,"column":8},"end":{"line":20,"column":25}},"11":{"start":{"line":21,"column":8},"end":{"line":21,"column":26}},"12":{"start":{"line":22,"column":8},"end":{"line":22,"column":14}},"13":{"start":{"line":24,"column":8},"end":{"line":24,"column":25}},"14":{"start":{"line":25,"column":8},"end":{"line":25,"column":26}},"15":{"start":{"line":26,"column":8},"end":{"line":26,"column":14}},"16":{"start":{"line":28,"column":8},"end":{"line":28,"column":25}},"17":{"start":{"line":29,"column":8},"end":{"line":29,"column":26}},"18":{"start":{"line":30,"column":8},"end":{"line":30,"column":14}},"19":{"start":{"line":32,"column":8},"end":{"line":32,"column":25}},"20":{"start":{"line":33,"column":8},"end":{"line":33,"column":26}},"21":{"start":{"line":34,"column":8},"end":{"line":34,"column":14}},"22":{"start":{"line":36,"column":8},"end":{"line":36,"column":25}},"23":{"start":{"line":37,"column":8},"end":{"line":37,"column":26}},"24":{"start":{"line":38,"column":8},"end":{"line":38,"column":14}},"25":{"start":{"line":40,"column":8},"end":{"line":40,"column":25}},"26":{"start":{"line":41,"column":8},"end":{"line":41,"column":26}},"27":{"start":{"line":42,"column":8},"end":{"line":42,"column":14}},"28":{"start":{"line":47,"column":4},"end":{"line":49,"column":5}},"29":{"start":{"line":48,"column":6},"end":{"line":48,"column":59}},"30":{"start":{"line":51,"column":4},"end":{"line":51,"column":20}},"31":{"start":{"line":52,"column":4},"end":{"line":52,"column":48}},"32":{"start":{"line":53,"column":4},"end":{"line":53,"column":50}},"33":{"start":{"line":54,"column":4},"end":{"line":54,"column":22}},"34":{"start":{"line":58,"column":4},"end":{"line":60,"column":5}},"35":{"start":{"line":59,"column":6},"end":{"line":59,"column":13}},"36":{"start":{"line":62,"column":22},"end":{"line":62,"column":55}},"37":{"start":{"line":63,"column":4},"end":{"line":63,"column":55}}},"fnMap":{"0":{"name":"(anonymous_0)","decl":{"start":{"line":2,"column":2},"end":{"line":2,"column":3}},"loc":{"start":{"line":2,"column":26},"end":{"line":44,"column":3}},"line":2},"1":{"name":"(anonymous_1)","decl":{"start":{"line":46,"column":2},"end":{"line":46,"column":3}},"loc":{"start":{"line":46,"column":12},"end":{"line":55,"column":3}},"line":46},"2":{"name":"(anonymous_2)","decl":{"start":{"line":57,"column":2},"end":{"line":57,"column":3}},"loc":{"start":{"line":57,"column":17},"end":{"line":64,"column":3}},"line":57}},"branchMap":{"0":{"loc":{"start":{"line":5,"column":4},"end":{"line":7,"column":5}},"type":"if","locations":[{"start":{"line":5,"column":4},"end":{"line":7,"column":5}},{"start":{},"end":{}}],"line":5},"1":{"loc":{"start":{"line":5,"column":8},"end":{"line":5,"column":71}},"type":"binary-expr","locations":[{"start":{"line":5,"column":8},"end":{"line":5,"column":32}},{"start":{"line":5,"column":36},"end":{"line":5,"column":51}},{"start":{"line":5,"column":55},"end":{"line":5,"column":71}}],"line":5},"2":{"loc":{"start":{"line":9,"column":4},"end":{"line":11,"column":5}},"type":"if","locations":[{"start":{"line":9,"column":4},"end":{"line":11,"column":5}},{"start":{},"end":{}}],"line":9},"3":{"loc":{"start":{"line":18,"column":4},"end":{"line":43,"column":5}},"type":"switch","locations":[{"start":{"line":19,"column":6},"end":{"line":22,"column":14}},{"start":{"line":23,"column":6},"end":{"line":26,"column":14}},{"start":{"line":27,"column":6},"end":{"line":30,"column":14}},{"start":{"line":31,"column":6},"end":{"line":34,"column":14}},{"start":{"line":35,"column":6},"end":{"line":38,"column":14}},{"start":{"line":39,"column":6},"end":{"line":42,"column":14}}],"line":18},"4":{"loc":{"start":{"line":47,"column":4},"end":{"line":49,"column":5}},"type":"if","locations":[{"start":{"line":47,"column":4},"end":{"line":49,"column":5}},{"start":{},"end":{}}],"line":47},"5":{"loc":{"start":{"line":58,"column":4},"end":{"line":60,"column":5}},"type":"if","locations":[{"start":{"line":58,"column":4},"end":{"line":60,"column":5}},{"start":{},"end":{}}],"line":58}},"s":{"0":17,"1":17,"2":2,"3":15,"4":1,"5":14,"6":14,"7":14,"8":14,"9":14,"10":7,"11":7,"12":7,"13":2,"14":2,"15":2,"16":2,"17":2,"18":2,"19":1,"20":1,"21":1,"22":1,"23":1,"24":1,"25":1,"26":1,"27":1,"28":4,"29":1,"30":3,"31":3,"32":3,"33":3,"34":2,"35":1,"36":1,"37":1},"f":{"0":17,"1":4,"2":2},"b":{"0":[2,15],"1":[17,17,16],"2":[1,14],"3":[7,2,2,1,1,1],"4":[1,3],"5":[1,1]},"_coverageSchema":"1a1c01bbd47fc00a2c39e90264f33305004495a9","hash":"02810070b04a837ade80a6f0247125f004016d00"}
}
