TN:
SF:src\Bowman.js
FN:4,(anonymous_0)
FNF:1
FNH:1
FNDA:1,(anonymous_0)
DA:5,1
LF:1
LH:1
BRF:0
BRH:0
end_of_record
TN:
SF:src\Character.js
FN:2,(anonymous_0)
FN:46,(anonymous_1)
FN:57,(anonymous_2)
FNF:3
FNH:3
FNDA:17,(anonymous_0)
FNDA:4,(anonymous_1)
FNDA:2,(anonymous_2)
DA:3,17
DA:5,17
DA:6,2
DA:9,15
DA:10,1
DA:13,14
DA:14,14
DA:15,14
DA:16,14
DA:18,14
DA:20,7
DA:21,7
DA:22,7
DA:24,2
DA:25,2
DA:26,2
DA:28,2
DA:29,2
DA:30,2
DA:32,1
DA:33,1
DA:34,1
DA:36,1
DA:37,1
DA:38,1
DA:40,1
DA:41,1
DA:42,1
DA:47,4
DA:48,1
DA:51,3
DA:52,3
DA:53,3
DA:54,3
DA:58,2
DA:59,1
DA:62,1
DA:63,1
LF:38
LH:38
BRDA:5,0,0,2
BRDA:5,0,1,15
BRDA:5,1,0,17
BRDA:5,1,1,17
BRDA:5,1,2,16
BRDA:9,2,0,1
BRDA:9,2,1,14
BRDA:18,3,0,7
BRDA:18,3,1,2
BRDA:18,3,2,2
BRDA:18,3,3,1
BRDA:18,3,4,1
BRDA:18,3,5,1
BRDA:47,4,0,1
BRDA:47,4,1,3
BRDA:58,5,0,1
BRDA:58,5,1,1
BRF:17
BRH:17
end_of_record
